<?xml version="1.0" encoding="UTF-8"?>
<testsuite name="edu.northeastern.cs5500.delivery.controller.DriverControllerTest" tests="6" skipped="0" failures="0" errors="0" timestamp="2020-12-12T22:09:20" hostname="Hantaos-MacBook-Pro.local" time="0.301">
  <properties/>
  <testcase name="testLogin" classname="edu.northeastern.cs5500.delivery.controller.DriverControllerTest" time="0.078"/>
  <testcase name="testAddDriver" classname="edu.northeastern.cs5500.delivery.controller.DriverControllerTest" time="0.026"/>
  <testcase name="testEditProfile" classname="edu.northeastern.cs5500.delivery.controller.DriverControllerTest" time="0.025"/>
  <testcase name="testGetDriver" classname="edu.northeastern.cs5500.delivery.controller.DriverControllerTest" time="0.023"/>
  <testcase name="testSignup" classname="edu.northeastern.cs5500.delivery.controller.DriverControllerTest" time="0.026"/>
  <testcase name="testResetPassword" classname="edu.northeastern.cs5500.delivery.controller.DriverControllerTest" time="0.12"/>
  <system-out><![CDATA[]]></system-out>
  <system-err><![CDATA[]]></system-err>
</testsuite>
