<?xml version="1.0" encoding="UTF-8"?>
<testsuite name="edu.northeastern.cs5500.delivery.controller.OrderControllerTest" tests="15" skipped="0" failures="0" errors="0" timestamp="2020-12-12T22:09:20" hostname="Hantaos-MacBook-Pro.local" time="0.119">
  <properties/>
  <testcase name="testGetOrderWithDateForCustomer" classname="edu.northeastern.cs5500.delivery.controller.OrderControllerTest" time="0.001"/>
  <testcase name="testPreparingOrder" classname="edu.northeastern.cs5500.delivery.controller.OrderControllerTest" time="0.0"/>
  <testcase name="testWaitingOrder" classname="edu.northeastern.cs5500.delivery.controller.OrderControllerTest" time="0.001"/>
  <testcase name="testGetOrdersByStatusAndDriverId" classname="edu.northeastern.cs5500.delivery.controller.OrderControllerTest" time="0.0"/>
  <testcase name="testSubmitOrder" classname="edu.northeastern.cs5500.delivery.controller.OrderControllerTest" time="0.0"/>
  <testcase name="testAddNewOrder" classname="edu.northeastern.cs5500.delivery.controller.OrderControllerTest" time="0.001"/>
  <testcase name="testDeliveringOrder" classname="edu.northeastern.cs5500.delivery.controller.OrderControllerTest" time="0.001"/>
  <testcase name="testGetOrdersByStatus" classname="edu.northeastern.cs5500.delivery.controller.OrderControllerTest" time="0.001"/>
  <testcase name="testFinishOrder" classname="edu.northeastern.cs5500.delivery.controller.OrderControllerTest" time="0.001"/>
  <testcase name="testValidateOrder" classname="edu.northeastern.cs5500.delivery.controller.OrderControllerTest" time="0.0"/>
  <testcase name="testGetOrdersWithinDateForDriver" classname="edu.northeastern.cs5500.delivery.controller.OrderControllerTest" time="0.0"/>
  <testcase name="testGetAll" classname="edu.northeastern.cs5500.delivery.controller.OrderControllerTest" time="0.0"/>
  <testcase name="testGetOrderWithinDateForRestaurant" classname="edu.northeastern.cs5500.delivery.controller.OrderControllerTest" time="0.0"/>
  <testcase name="testGetOrdersWithStatusForRestaurant" classname="edu.northeastern.cs5500.delivery.controller.OrderControllerTest" time="0.001"/>
  <testcase name="testCancelOrder" classname="edu.northeastern.cs5500.delivery.controller.OrderControllerTest" time="0.001"/>
  <system-out><![CDATA[]]></system-out>
  <system-err><![CDATA[[Test worker] INFO org.mongodb.driver.cluster - Cluster created with settings {hosts=[cluster0-shard-00-00.znlku.mongodb.net:27017, cluster0-shard-00-01.znlku.mongodb.net:27017, cluster0-shard-00-02.znlku.mongodb.net:27017], mode=MULTIPLE, requiredClusterType=REPLICA_SET, serverSelectionTimeout='30000 ms', maxWaitQueueSize=500, requiredReplicaSetName='atlas-a6l8fm-shard-0'}
[Test worker] INFO org.mongodb.driver.cluster - Adding discovered server cluster0-shard-00-00.znlku.mongodb.net:27017 to client view of cluster
[Test worker] INFO org.mongodb.driver.cluster - Adding discovered server cluster0-shard-00-01.znlku.mongodb.net:27017 to client view of cluster
[Test worker] INFO org.mongodb.driver.cluster - Adding discovered server cluster0-shard-00-02.znlku.mongodb.net:27017 to client view of cluster
[Test worker] INFO edu.northeastern.cs5500.delivery.controller.OrderController - OrderController > construct
[Test worker] INFO org.mongodb.driver.cluster - Cluster created with settings {hosts=[cluster0-shard-00-00.znlku.mongodb.net:27017, cluster0-shard-00-01.znlku.mongodb.net:27017, cluster0-shard-00-02.znlku.mongodb.net:27017], mode=MULTIPLE, requiredClusterType=REPLICA_SET, serverSelectionTimeout='30000 ms', maxWaitQueueSize=500, requiredReplicaSetName='atlas-a6l8fm-shard-0'}
[Test worker] INFO org.mongodb.driver.cluster - Adding discovered server cluster0-shard-00-00.znlku.mongodb.net:27017 to client view of cluster
[Test worker] INFO org.mongodb.driver.cluster - Adding discovered server cluster0-shard-00-01.znlku.mongodb.net:27017 to client view of cluster
[Test worker] INFO org.mongodb.driver.cluster - Adding discovered server cluster0-shard-00-02.znlku.mongodb.net:27017 to client view of cluster
[Test worker] INFO edu.northeastern.cs5500.delivery.controller.OrderController - OrderController > construct
[Test worker] INFO org.mongodb.driver.cluster - Cluster created with settings {hosts=[cluster0-shard-00-00.znlku.mongodb.net:27017, cluster0-shard-00-01.znlku.mongodb.net:27017, cluster0-shard-00-02.znlku.mongodb.net:27017], mode=MULTIPLE, requiredClusterType=REPLICA_SET, serverSelectionTimeout='30000 ms', maxWaitQueueSize=500, requiredReplicaSetName='atlas-a6l8fm-shard-0'}
[Test worker] INFO org.mongodb.driver.cluster - Adding discovered server cluster0-shard-00-00.znlku.mongodb.net:27017 to client view of cluster
[Test worker] INFO org.mongodb.driver.cluster - Adding discovered server cluster0-shard-00-01.znlku.mongodb.net:27017 to client view of cluster
[Test worker] INFO org.mongodb.driver.cluster - Adding discovered server cluster0-shard-00-02.znlku.mongodb.net:27017 to client view of cluster
[Test worker] INFO edu.northeastern.cs5500.delivery.controller.OrderController - OrderController > construct
[Test worker] INFO org.mongodb.driver.cluster - Cluster created with settings {hosts=[cluster0-shard-00-00.znlku.mongodb.net:27017, cluster0-shard-00-01.znlku.mongodb.net:27017, cluster0-shard-00-02.znlku.mongodb.net:27017], mode=MULTIPLE, requiredClusterType=REPLICA_SET, serverSelectionTimeout='30000 ms', maxWaitQueueSize=500, requiredReplicaSetName='atlas-a6l8fm-shard-0'}
[Test worker] INFO org.mongodb.driver.cluster - Adding discovered server cluster0-shard-00-00.znlku.mongodb.net:27017 to client view of cluster
[Test worker] INFO org.mongodb.driver.cluster - Adding discovered server cluster0-shard-00-01.znlku.mongodb.net:27017 to client view of cluster
[Test worker] INFO org.mongodb.driver.cluster - Adding discovered server cluster0-shard-00-02.znlku.mongodb.net:27017 to client view of cluster
[Test worker] INFO edu.northeastern.cs5500.delivery.controller.OrderController - OrderController > construct
[Test worker] INFO org.mongodb.driver.cluster - Cluster created with settings {hosts=[cluster0-shard-00-00.znlku.mongodb.net:27017, cluster0-shard-00-01.znlku.mongodb.net:27017, cluster0-shard-00-02.znlku.mongodb.net:27017], mode=MULTIPLE, requiredClusterType=REPLICA_SET, serverSelectionTimeout='30000 ms', maxWaitQueueSize=500, requiredReplicaSetName='atlas-a6l8fm-shard-0'}
[Test worker] INFO org.mongodb.driver.cluster - Adding discovered server cluster0-shard-00-00.znlku.mongodb.net:27017 to client view of cluster
[Test worker] INFO org.mongodb.driver.cluster - Adding discovered server cluster0-shard-00-01.znlku.mongodb.net:27017 to client view of cluster
[Test worker] INFO org.mongodb.driver.cluster - Adding discovered server cluster0-shard-00-02.znlku.mongodb.net:27017 to client view of cluster
[Test worker] INFO edu.northeastern.cs5500.delivery.controller.OrderController - OrderController > construct
[Test worker] INFO org.mongodb.driver.cluster - Cluster created with settings {hosts=[cluster0-shard-00-00.znlku.mongodb.net:27017, cluster0-shard-00-01.znlku.mongodb.net:27017, cluster0-shard-00-02.znlku.mongodb.net:27017], mode=MULTIPLE, requiredClusterType=REPLICA_SET, serverSelectionTimeout='30000 ms', maxWaitQueueSize=500, requiredReplicaSetName='atlas-a6l8fm-shard-0'}
[Test worker] INFO org.mongodb.driver.cluster - Adding discovered server cluster0-shard-00-00.znlku.mongodb.net:27017 to client view of cluster
[Test worker] INFO org.mongodb.driver.cluster - Adding discovered server cluster0-shard-00-01.znlku.mongodb.net:27017 to client view of cluster
[Test worker] INFO org.mongodb.driver.cluster - Adding discovered server cluster0-shard-00-02.znlku.mongodb.net:27017 to client view of cluster
[Test worker] INFO edu.northeastern.cs5500.delivery.controller.OrderController - OrderController > construct
[Test worker] INFO org.mongodb.driver.cluster - Cluster created with settings {hosts=[cluster0-shard-00-00.znlku.mongodb.net:27017, cluster0-shard-00-01.znlku.mongodb.net:27017, cluster0-shard-00-02.znlku.mongodb.net:27017], mode=MULTIPLE, requiredClusterType=REPLICA_SET, serverSelectionTimeout='30000 ms', maxWaitQueueSize=500, requiredReplicaSetName='atlas-a6l8fm-shard-0'}
[Test worker] INFO org.mongodb.driver.cluster - Adding discovered server cluster0-shard-00-00.znlku.mongodb.net:27017 to client view of cluster
[Test worker] INFO org.mongodb.driver.cluster - Adding discovered server cluster0-shard-00-01.znlku.mongodb.net:27017 to client view of cluster
[Test worker] INFO org.mongodb.driver.cluster - Adding discovered server cluster0-shard-00-02.znlku.mongodb.net:27017 to client view of cluster
[Test worker] INFO edu.northeastern.cs5500.delivery.controller.OrderController - OrderController > construct
[Test worker] INFO org.mongodb.driver.cluster - Cluster created with settings {hosts=[cluster0-shard-00-00.znlku.mongodb.net:27017, cluster0-shard-00-01.znlku.mongodb.net:27017, cluster0-shard-00-02.znlku.mongodb.net:27017], mode=MULTIPLE, requiredClusterType=REPLICA_SET, serverSelectionTimeout='30000 ms', maxWaitQueueSize=500, requiredReplicaSetName='atlas-a6l8fm-shard-0'}
[Test worker] INFO org.mongodb.driver.cluster - Adding discovered server cluster0-shard-00-00.znlku.mongodb.net:27017 to client view of cluster
[Test worker] INFO org.mongodb.driver.cluster - Adding discovered server cluster0-shard-00-01.znlku.mongodb.net:27017 to client view of cluster
[Test worker] INFO org.mongodb.driver.cluster - Adding discovered server cluster0-shard-00-02.znlku.mongodb.net:27017 to client view of cluster
[Test worker] INFO edu.northeastern.cs5500.delivery.controller.OrderController - OrderController > construct
[Test worker] INFO org.mongodb.driver.cluster - Cluster created with settings {hosts=[cluster0-shard-00-00.znlku.mongodb.net:27017, cluster0-shard-00-01.znlku.mongodb.net:27017, cluster0-shard-00-02.znlku.mongodb.net:27017], mode=MULTIPLE, requiredClusterType=REPLICA_SET, serverSelectionTimeout='30000 ms', maxWaitQueueSize=500, requiredReplicaSetName='atlas-a6l8fm-shard-0'}
[Test worker] INFO org.mongodb.driver.cluster - Adding discovered server cluster0-shard-00-00.znlku.mongodb.net:27017 to client view of cluster
[Test worker] INFO org.mongodb.driver.cluster - Adding discovered server cluster0-shard-00-01.znlku.mongodb.net:27017 to client view of cluster
[Test worker] INFO org.mongodb.driver.cluster - Adding discovered server cluster0-shard-00-02.znlku.mongodb.net:27017 to client view of cluster
[Test worker] INFO edu.northeastern.cs5500.delivery.controller.OrderController - OrderController > construct
[Test worker] INFO org.mongodb.driver.cluster - Cluster created with settings {hosts=[cluster0-shard-00-00.znlku.mongodb.net:27017, cluster0-shard-00-01.znlku.mongodb.net:27017, cluster0-shard-00-02.znlku.mongodb.net:27017], mode=MULTIPLE, requiredClusterType=REPLICA_SET, serverSelectionTimeout='30000 ms', maxWaitQueueSize=500, requiredReplicaSetName='atlas-a6l8fm-shard-0'}
[Test worker] INFO org.mongodb.driver.cluster - Adding discovered server cluster0-shard-00-00.znlku.mongodb.net:27017 to client view of cluster
[Test worker] INFO org.mongodb.driver.cluster - Adding discovered server cluster0-shard-00-01.znlku.mongodb.net:27017 to client view of cluster
[Test worker] INFO org.mongodb.driver.cluster - Adding discovered server cluster0-shard-00-02.znlku.mongodb.net:27017 to client view of cluster
[Test worker] INFO edu.northeastern.cs5500.delivery.controller.OrderController - OrderController > construct
[Test worker] INFO org.mongodb.driver.cluster - Cluster created with settings {hosts=[cluster0-shard-00-00.znlku.mongodb.net:27017, cluster0-shard-00-01.znlku.mongodb.net:27017, cluster0-shard-00-02.znlku.mongodb.net:27017], mode=MULTIPLE, requiredClusterType=REPLICA_SET, serverSelectionTimeout='30000 ms', maxWaitQueueSize=500, requiredReplicaSetName='atlas-a6l8fm-shard-0'}
[Test worker] INFO org.mongodb.driver.cluster - Adding discovered server cluster0-shard-00-00.znlku.mongodb.net:27017 to client view of cluster
[Test worker] INFO org.mongodb.driver.cluster - Adding discovered server cluster0-shard-00-01.znlku.mongodb.net:27017 to client view of cluster
[Test worker] INFO org.mongodb.driver.cluster - Adding discovered server cluster0-shard-00-02.znlku.mongodb.net:27017 to client view of cluster
[Test worker] INFO edu.northeastern.cs5500.delivery.controller.OrderController - OrderController > construct
[Test worker] INFO org.mongodb.driver.cluster - Cluster created with settings {hosts=[cluster0-shard-00-00.znlku.mongodb.net:27017, cluster0-shard-00-01.znlku.mongodb.net:27017, cluster0-shard-00-02.znlku.mongodb.net:27017], mode=MULTIPLE, requiredClusterType=REPLICA_SET, serverSelectionTimeout='30000 ms', maxWaitQueueSize=500, requiredReplicaSetName='atlas-a6l8fm-shard-0'}
[Test worker] INFO org.mongodb.driver.cluster - Adding discovered server cluster0-shard-00-00.znlku.mongodb.net:27017 to client view of cluster
[Test worker] INFO org.mongodb.driver.cluster - Adding discovered server cluster0-shard-00-01.znlku.mongodb.net:27017 to client view of cluster
[Test worker] INFO org.mongodb.driver.cluster - Adding discovered server cluster0-shard-00-02.znlku.mongodb.net:27017 to client view of cluster
[Test worker] INFO edu.northeastern.cs5500.delivery.controller.OrderController - OrderController > construct
[Test worker] INFO org.mongodb.driver.cluster - Cluster created with settings {hosts=[cluster0-shard-00-00.znlku.mongodb.net:27017, cluster0-shard-00-01.znlku.mongodb.net:27017, cluster0-shard-00-02.znlku.mongodb.net:27017], mode=MULTIPLE, requiredClusterType=REPLICA_SET, serverSelectionTimeout='30000 ms', maxWaitQueueSize=500, requiredReplicaSetName='atlas-a6l8fm-shard-0'}
[Test worker] INFO org.mongodb.driver.cluster - Adding discovered server cluster0-shard-00-00.znlku.mongodb.net:27017 to client view of cluster
[Test worker] INFO org.mongodb.driver.cluster - Adding discovered server cluster0-shard-00-01.znlku.mongodb.net:27017 to client view of cluster
[Test worker] INFO org.mongodb.driver.cluster - Adding discovered server cluster0-shard-00-02.znlku.mongodb.net:27017 to client view of cluster
[Test worker] INFO edu.northeastern.cs5500.delivery.controller.OrderController - OrderController > construct
[Test worker] INFO org.mongodb.driver.cluster - Cluster created with settings {hosts=[cluster0-shard-00-00.znlku.mongodb.net:27017, cluster0-shard-00-01.znlku.mongodb.net:27017, cluster0-shard-00-02.znlku.mongodb.net:27017], mode=MULTIPLE, requiredClusterType=REPLICA_SET, serverSelectionTimeout='30000 ms', maxWaitQueueSize=500, requiredReplicaSetName='atlas-a6l8fm-shard-0'}
[Test worker] INFO org.mongodb.driver.cluster - Adding discovered server cluster0-shard-00-00.znlku.mongodb.net:27017 to client view of cluster
[Test worker] INFO org.mongodb.driver.cluster - Adding discovered server cluster0-shard-00-01.znlku.mongodb.net:27017 to client view of cluster
[Test worker] INFO org.mongodb.driver.cluster - Adding discovered server cluster0-shard-00-02.znlku.mongodb.net:27017 to client view of cluster
[Test worker] INFO edu.northeastern.cs5500.delivery.controller.OrderController - OrderController > construct
[Test worker] INFO org.mongodb.driver.cluster - Cluster created with settings {hosts=[cluster0-shard-00-00.znlku.mongodb.net:27017, cluster0-shard-00-01.znlku.mongodb.net:27017, cluster0-shard-00-02.znlku.mongodb.net:27017], mode=MULTIPLE, requiredClusterType=REPLICA_SET, serverSelectionTimeout='30000 ms', maxWaitQueueSize=500, requiredReplicaSetName='atlas-a6l8fm-shard-0'}
[Test worker] INFO org.mongodb.driver.cluster - Adding discovered server cluster0-shard-00-00.znlku.mongodb.net:27017 to client view of cluster
[Test worker] INFO org.mongodb.driver.cluster - Adding discovered server cluster0-shard-00-01.znlku.mongodb.net:27017 to client view of cluster
[Test worker] INFO org.mongodb.driver.cluster - Adding discovered server cluster0-shard-00-02.znlku.mongodb.net:27017 to client view of cluster
[Test worker] INFO edu.northeastern.cs5500.delivery.controller.OrderController - OrderController > construct
]]></system-err>
</testsuite>
